
 [OK] Ha finalizado proceso de asignacion                                       


 [OK] Ha finalizado proceso de asignacion                                       


 [OK] Ha finalizado proceso de asignacion                                       


 [OK] Ha finalizado proceso de asignacion                                       


 [OK] Ha finalizado proceso de asignacion                                       


 ! [NOTE]  agenda: 146236                                                       

 ! [NOTE] asignados 1 configurados 1                                            

 ! [NOTE] agenda 146236 cuenta 6 agendador Laimarys Ramos                       

 ! [NOTE] asignados 1 configurados 1                                            

 ! [NOTE] agenda 146236 cuenta 6 agendador Solange Estrada                      

 ! [NOTE] asignados 1 configurados 1                                            

 ! [NOTE] agenda 146236 cuenta 6 agendador Nayade Araya                         

 ! [NOTE] asignados 1 configurados 1                                            

 ! [NOTE] agenda 146236 cuenta 6 agendador Alejandra Rodriguez                  

 ! [NOTE] Preparando para eliminar                                              

 ! [NOTE] Borrando usuariousuariocategoria 129103                               

 ! [NOTE] Borrando usuariousuariocategoria 129108                               

 ! [NOTE] Borrando usuariousuariocategoria 129109                               

 ! [NOTE] Borrando usuariousuariocategoria 129110                               

 ! [NOTE] cliente : William Fernando Rodriguez Sánchez agendador Laimarys Ramos 

 [OK] Ha finalizado proceso de asignacion                                       


 ! [NOTE]  agenda: 146237                                                       

 ! [NOTE] asignados 1 configurados 1                                            

 ! [NOTE] agenda 146237 cuenta 1 agendador Laimarys Ramos                       

 ! [NOTE] asignados 1 configurados 1                                            

 ! [NOTE] agenda 146237 cuenta 1 agendador Solange Estrada                      

 ! [NOTE] asignados 1 configurados 1                                            

 ! [NOTE] agenda 146237 cuenta 1 agendador Nayade Araya                         

 ! [NOTE] asignados 0 configurados 1                                            

 ! [NOTE] agenda 146237 cuenta 1 agendador Alejandra Rodriguez                  

 ! [NOTE] cliente : Karla  agendador Alejandra Rodriguez                        

 ! [NOTE] leads Asignados : 0                                                   

 [OK] Ha finalizado proceso de asignacion                                       


 ! [NOTE]  agenda: 146238                                                       

 ! [NOTE] asignados 1 configurados 1                                            

 ! [NOTE] agenda 146238 cuenta 1 agendador Laimarys Ramos                       

 ! [NOTE] asignados 1 configurados 1                                            

 ! [NOTE] agenda 146238 cuenta 1 agendador Solange Estrada                      

 ! [NOTE] asignados 1 configurados 1                                            

 ! [NOTE] agenda 146238 cuenta 1 agendador Nayade Araya                         

 ! [NOTE] asignados 1 configurados 1                                            

 ! [NOTE] agenda 146238 cuenta 1 agendador Alejandra Rodriguez                  

 ! [NOTE] Preparando para eliminar                                              

 ! [NOTE] Borrando usuariousuariocategoria 129101                               

 ! [NOTE] Borrando usuariousuariocategoria 129104                               

 ! [NOTE] Borrando usuariousuariocategoria 129106                               

 ! [NOTE] Borrando usuariousuariocategoria 129112                               

 ! [NOTE] cliente : Karla Calquin  agendador Laimarys Ramos                     

 [OK] Ha finalizado proceso de asignacion                                       


 [OK] Ha finalizado proceso de asignacion                                       


 [OK] Ha finalizado proceso de asignacion                                       


 [OK] Ha finalizado proceso de asignacion                                       


 [OK] Ha finalizado proceso de asignacion                                       


 [OK] Ha finalizado proceso de asignacion                                       


 [OK] Ha finalizado proceso de asignacion                                       


 [OK] Ha finalizado proceso de asignacion                                       


 [OK] Ha finalizado proceso de asignacion                                       


 [OK] Ha finalizado proceso de asignacion                                       


 [OK] Ha finalizado proceso de asignacion                                       


 [OK] Ha finalizado proceso de asignacion                                       


 [OK] Ha finalizado proceso de asignacion                                       


 [OK] Ha finalizado proceso de asignacion                                       


 [OK] Ha finalizado proceso de asignacion                                       


 [OK] Ha finalizado proceso de asignacion                                       


 [OK] Ha finalizado proceso de asignacion                                       


 [OK] Ha finalizado proceso de asignacion                                       


 [OK] Ha finalizado proceso de asignacion                                       


 [OK] Ha finalizado proceso de asignacion                                       


 [OK] Ha finalizado proceso de asignacion                                       


 [OK] Ha finalizado proceso de asignacion                                       


 [OK] Ha finalizado proceso de asignacion                                       


 [OK] Ha finalizado proceso de asignacion                                       


 [OK] Ha finalizado proceso de asignacion                                       


 ! [NOTE]  agenda: 146239                                                       

 ! [NOTE] asignados 1 configurados 1                                            

 ! [NOTE] agenda 146239 cuenta 2 agendador Laimarys Ramos                       

 ! [NOTE] asignados 0 configurados 1                                            

 ! [NOTE] agenda 146239 cuenta 2 agendador Solange Estrada                      

 ! [NOTE] cliente : Manuel Henriquez agendador Solange Estrada                  

 ! [NOTE] leads Asignados : 0                                                   

 [OK] Ha finalizado proceso de asignacion                                       


 [OK] Ha finalizado proceso de asignacion                                       


 [OK] Ha finalizado proceso de asignacion                                       


 [OK] Ha finalizado proceso de asignacion                                       


 ! [NOTE]  agenda: 146240                                                       

 ! [NOTE] asignados 1 configurados 1                                            

 ! [NOTE] agenda 146240 cuenta 2 agendador Laimarys Ramos                       

 ! [NOTE] asignados 1 configurados 1                                            

 ! [NOTE] agenda 146240 cuenta 2 agendador Solange Estrada                      

 ! [NOTE] asignados 0 configurados 1                                            

 ! [NOTE] agenda 146240 cuenta 2 agendador Nayade Araya                         

 ! [NOTE] cliente : +56979678943 agendador Nayade Araya                         

 ! [NOTE] leads Asignados : 0                                                   

 [OK] Ha finalizado proceso de asignacion                                       


 [OK] Ha finalizado proceso de asignacion                                       


 [OK] Ha finalizado proceso de asignacion                                       


 [OK] Ha finalizado proceso de asignacion                                       


 [OK] Ha finalizado proceso de asignacion                                       


 [OK] Ha finalizado proceso de asignacion                                       


 [OK] Ha finalizado proceso de asignacion                                       


 [OK] Ha finalizado proceso de asignacion                                       


 [OK] Ha finalizado proceso de asignacion                                       


 [OK] Ha finalizado proceso de asignacion                                       


 [OK] Ha finalizado proceso de asignacion                                       


 [OK] Ha finalizado proceso de asignacion                                       


 [OK] Ha finalizado proceso de asignacion                                       


 [OK] Ha finalizado proceso de asignacion                                       


 [OK] Ha finalizado proceso de asignacion                                       


 [OK] Ha finalizado proceso de asignacion                                       


 [OK] Ha finalizado proceso de asignacion                                       


 [OK] Ha finalizado proceso de asignacion                                       


 ! [NOTE]  agenda: 146241                                                       

 ! [NOTE] asignados 1 configurados 1                                            

 ! [NOTE] agenda 146241 cuenta 6 agendador Laimarys Ramos                       

 ! [NOTE] asignados 0 configurados 1                                            

 ! [NOTE] agenda 146241 cuenta 6 agendador Solange Estrada                      

 ! [NOTE] cliente : Eduardo Ponce agendador Solange Estrada                     

 ! [NOTE] leads Asignados : 0                                                   

 [OK] Ha finalizado proceso de asignacion                                       


 [OK] Ha finalizado proceso de asignacion                                       


 [OK] Ha finalizado proceso de asignacion                                       


 [OK] Ha finalizado proceso de asignacion                                       


 [OK] Ha finalizado proceso de asignacion                                       


 [OK] Ha finalizado proceso de asignacion                                       


 [OK] Ha finalizado proceso de asignacion                                       


 [OK] Ha finalizado proceso de asignacion                                       


 [OK] Ha finalizado proceso de asignacion                                       


 [OK] Ha finalizado proceso de asignacion                                       


 [OK] Ha finalizado proceso de asignacion                                       


 [OK] Ha finalizado proceso de asignacion                                       


 ! [NOTE]  agenda: 146242                                                       

 ! [NOTE] asignados 1 configurados 1                                            

 ! [NOTE] agenda 146242 cuenta 6 agendador Laimarys Ramos                       

 ! [NOTE] asignados 1 configurados 1                                            

 ! [NOTE] agenda 146242 cuenta 6 agendador Solange Estrada                      

 ! [NOTE] asignados 0 configurados 1                                            

 ! [NOTE] agenda 146242 cuenta 6 agendador Nayade Araya                         

 ! [NOTE] cliente : Victor Eduardo Quiroz Quiroz agendador Nayade Araya         

 ! [NOTE] leads Asignados : 0                                                   

 [OK] Ha finalizado proceso de asignacion                                       


 [OK] Ha finalizado proceso de asignacion                                       


 ! [NOTE]  agenda: 146243                                                       

 ! [NOTE] asignados 1 configurados 1                                            

 ! [NOTE] agenda 146243 cuenta 6 agendador Laimarys Ramos                       

 ! [NOTE] asignados 1 configurados 1                                            

 ! [NOTE] agenda 146243 cuenta 6 agendador Solange Estrada                      

 ! [NOTE] asignados 1 configurados 1                                            

 ! [NOTE] agenda 146243 cuenta 6 agendador Nayade Araya                         

 ! [NOTE] asignados 0 configurados 1                                            

 ! [NOTE] agenda 146243 cuenta 6 agendador Alejandra Rodriguez                  

 ! [NOTE] cliente : Jair Burboa agendador Alejandra Rodriguez                   

 ! [NOTE] leads Asignados : 0                                                   

 [OK] Ha finalizado proceso de asignacion                                       


 [OK] Ha finalizado proceso de asignacion                                       


 [OK] Ha finalizado proceso de asignacion                                       


 [OK] Ha finalizado proceso de asignacion                                       


 [OK] Ha finalizado proceso de asignacion                                       


 [OK] Ha finalizado proceso de asignacion                                       


 [OK] Ha finalizado proceso de asignacion                                       


 [OK] Ha finalizado proceso de asignacion                                       


 [OK] Ha finalizado proceso de asignacion                                       


 [OK] Ha finalizado proceso de asignacion                                       


 [OK] Ha finalizado proceso de asignacion                                       


 [OK] Ha finalizado proceso de asignacion                                       


 [OK] Ha finalizado proceso de asignacion                                       


 [OK] Ha finalizado proceso de asignacion                                       


 [OK] Ha finalizado proceso de asignacion                                       


 [OK] Ha finalizado proceso de asignacion                                       


 [OK] Ha finalizado proceso de asignacion                                       


 ! [NOTE]  agenda: 146245                                                       

 ! [NOTE] asignados 1 configurados 1                                            

 ! [NOTE] agenda 146245 cuenta 6 agendador Laimarys Ramos                       

 ! [NOTE] asignados 1 configurados 1                                            

 ! [NOTE] agenda 146245 cuenta 6 agendador Nayade Araya                         

 ! [NOTE] asignados 1 configurados 1                                            

 ! [NOTE] agenda 146245 cuenta 6 agendador Alejandra Rodriguez                  

 ! [NOTE] Preparando para eliminar                                              

 ! [NOTE] Borrando usuariousuariocategoria 129111                               

 ! [NOTE] Borrando usuariousuariocategoria 129116                               

 ! [NOTE] Borrando usuariousuariocategoria 129117                               

 ! [NOTE] Borrando usuariousuariocategoria 129118                               

 ! [NOTE] cliente : Ives Gomez agendador Laimarys Ramos                         

 [OK] Ha finalizado proceso de asignacion                                       


 ! [NOTE]  agenda: 146246                                                       

 ! [NOTE] asignados 1 configurados 1                                            

 ! [NOTE] agenda 146246 cuenta 7 agendador Laimarys Ramos                       

 ! [NOTE] asignados 0 configurados 1                                            

 ! [NOTE] agenda 146246 cuenta 7 agendador Nayade Araya                         

 ! [NOTE] cliente : Solange Muñoz agendador Nayade Araya                        

 ! [NOTE] leads Asignados : 0                                                   

 [OK] Ha finalizado proceso de asignacion                                       


 [OK] Ha finalizado proceso de asignacion                                       


 [OK] Ha finalizado proceso de asignacion                                       


 [OK] Ha finalizado proceso de asignacion                                       


 [OK] Ha finalizado proceso de asignacion                                       


 [OK] Ha finalizado proceso de asignacion                                       


 [OK] Ha finalizado proceso de asignacion                                       


 [OK] Ha finalizado proceso de asignacion                                       


 [OK] Ha finalizado proceso de asignacion                                       


 [OK] Ha finalizado proceso de asignacion                                       


 ! [NOTE]  agenda: 146247                                                       

 ! [NOTE] asignados 1 configurados 1                                            

 ! [NOTE] agenda 146247 cuenta 1 agendador Laimarys Ramos                       

 ! [NOTE] asignados 0 configurados 1                                            

 ! [NOTE] agenda 146247 cuenta 1 agendador Nayade Araya                         

 ! [NOTE] cliente : Elias Rodrigo Olivera Cabezas agendador Nayade Araya        

 ! [NOTE] leads Asignados : 0                                                   

 [OK] Ha finalizado proceso de asignacion                                       


 [OK] Ha finalizado proceso de asignacion                                       


 ! [NOTE]  agenda: 146248                                                       

 ! [NOTE] asignados 1 configurados 1                                            

 ! [NOTE] agenda 146248 cuenta 7 agendador Laimarys Ramos                       

 ! [NOTE] asignados 1 configurados 1                                            

 ! [NOTE] agenda 146248 cuenta 7 agendador Nayade Araya                         

 ! [NOTE] Preparando para eliminar                                              

 ! [NOTE] Borrando usuariousuariocategoria 129099                               

 ! [NOTE] Borrando usuariousuariocategoria 129120                               

 ! [NOTE] cliente : Veriflopzamorano agendador Laimarys Ramos                   

 [OK] Ha finalizado proceso de asignacion                                       


 ! [NOTE]  agenda: 146249                                                       

 ! [NOTE] asignados 1 configurados 1                                            

 ! [NOTE] agenda 146249 cuenta 2 agendador Laimarys Ramos                       

 ! [NOTE] asignados 1 configurados 1                                            

 ! [NOTE] agenda 146249 cuenta 2 agendador Nayade Araya                         

 ! [NOTE] Preparando para eliminar                                              

 ! [NOTE] Borrando usuariousuariocategoria 129107                               

 ! [NOTE] Borrando usuariousuariocategoria 129114                               

 ! [NOTE] Borrando usuariousuariocategoria 129115                               

 ! [NOTE] cliente : Manuela Catalina agendador Laimarys Ramos                   

 [OK] Ha finalizado proceso de asignacion                                       


 [OK] Ha finalizado proceso de asignacion                                       


 [OK] Ha finalizado proceso de asignacion                                       


 [OK] Ha finalizado proceso de asignacion                                       


 [OK] Ha finalizado proceso de asignacion                                       


 [OK] Ha finalizado proceso de asignacion                                       


 ! [NOTE]  agenda: 146250                                                       

 ! [NOTE] asignados 1 configurados 1                                            

 ! [NOTE] agenda 146250 cuenta 1 agendador Laimarys Ramos                       

 ! [NOTE] asignados 1 configurados 1                                            

 ! [NOTE] agenda 146250 cuenta 1 agendador Nayade Araya                         

 ! [NOTE] asignados 0 configurados 1                                            

 ! [NOTE] agenda 146250 cuenta 1 agendador Alejandra Rodriguez                  

 ! [NOTE] cliente : Emanuel albornoz farfan agendador Alejandra Rodriguez       

 ! [NOTE] leads Asignados : 0                                                   

 [OK] Ha finalizado proceso de asignacion                                       


 [OK] Ha finalizado proceso de asignacion                                       


 [OK] Ha finalizado proceso de asignacion                                       


 [OK] Ha finalizado proceso de asignacion                                       


 [OK] Ha finalizado proceso de asignacion                                       


 [OK] Ha finalizado proceso de asignacion                                       


 [OK] Ha finalizado proceso de asignacion                                       


 [OK] Ha finalizado proceso de asignacion                                       


 [OK] Ha finalizado proceso de asignacion                                       


 [OK] Ha finalizado proceso de asignacion                                       


 [OK] Ha finalizado proceso de asignacion                                       


 ! [NOTE]  agenda: 146252                                                       

 ! [NOTE] asignados 1 configurados 1                                            

 ! [NOTE] agenda 146252 cuenta 2 agendador Laimarys Ramos                       

 ! [NOTE] asignados 0 configurados 1                                            

 ! [NOTE] agenda 146252 cuenta 2 agendador Nayade Araya                         

 ! [NOTE] cliente : Helena Cardenas agendador Nayade Araya                      

 ! [NOTE] leads Asignados : 0                                                   

 [OK] Ha finalizado proceso de asignacion                                       


 [OK] Ha finalizado proceso de asignacion                                       


 [OK] Ha finalizado proceso de asignacion                                       


 [OK] Ha finalizado proceso de asignacion                                       


 [OK] Ha finalizado proceso de asignacion                                       


 [OK] Ha finalizado proceso de asignacion                                       


 [OK] Ha finalizado proceso de asignacion                                       


 [OK] Ha finalizado proceso de asignacion                                       


 [OK] Ha finalizado proceso de asignacion                                       


 [OK] Ha finalizado proceso de asignacion                                       


 [OK] Ha finalizado proceso de asignacion                                       


 [OK] Ha finalizado proceso de asignacion                                       


 ! [NOTE]  agenda: 146253                                                       

 ! [NOTE] asignados 1 configurados 1                                            

 ! [NOTE] agenda 146253 cuenta 6 agendador Laimarys Ramos                       

 ! [NOTE] asignados 0 configurados 1                                            

 ! [NOTE] agenda 146253 cuenta 6 agendador Nayade Araya                         

 ! [NOTE] cliente : camilo r agendador Nayade Araya                             

 ! [NOTE] leads Asignados : 0                                                   

 [OK] Ha finalizado proceso de asignacion                                       


 ! [NOTE]  agenda: 146254                                                       

 ! [NOTE] asignados 1 configurados 1                                            

 ! [NOTE] agenda 146254 cuenta 6 agendador Laimarys Ramos                       

 ! [NOTE] asignados 1 configurados 1                                            

 ! [NOTE] agenda 146254 cuenta 6 agendador Nayade Araya                         

 ! [NOTE] asignados 0 configurados 1                                            

 ! [NOTE] agenda 146254 cuenta 6 agendador Alejandra Rodriguez                  

 ! [NOTE] cliente : rodrigo puga valdes agendador Alejandra Rodriguez           

 ! [NOTE] leads Asignados : 0                                                   

 [OK] Ha finalizado proceso de asignacion                                       


 [OK] Ha finalizado proceso de asignacion                                       


 [OK] Ha finalizado proceso de asignacion                                       


 [OK] Ha finalizado proceso de asignacion                                       


 ! [NOTE]  agenda: 146255                                                       

 ! [NOTE] asignados 1 configurados 1                                            

 ! [NOTE] agenda 146255 cuenta 1 agendador Laimarys Ramos                       

 ! [NOTE] asignados 1 configurados 1                                            

 ! [NOTE] agenda 146255 cuenta 1 agendador Nayade Araya                         

 ! [NOTE] asignados 1 configurados 1                                            

 ! [NOTE] agenda 146255 cuenta 1 agendador Alejandra Rodriguez                  

 ! [NOTE] Preparando para eliminar                                              

 ! [NOTE] Borrando usuariousuariocategoria 129113                               

 ! [NOTE] Borrando usuariousuariocategoria 129121                               

 ! [NOTE] Borrando usuariousuariocategoria 129124                               

 ! [NOTE] cliente : Gilda Arevalo Jimenez agendador Laimarys Ramos              

 [OK] Ha finalizado proceso de asignacion                                       


 [OK] Ha finalizado proceso de asignacion                                       


 [OK] Ha finalizado proceso de asignacion                                       


 [OK] Ha finalizado proceso de asignacion                                       


 [OK] Ha finalizado proceso de asignacion                                       


 [OK] Ha finalizado proceso de asignacion                                       


 [OK] Ha finalizado proceso de asignacion                                       


 [OK] Ha finalizado proceso de asignacion                                       


 [OK] Ha finalizado proceso de asignacion                                       


 [OK] Ha finalizado proceso de asignacion                                       


 [OK] Ha finalizado proceso de asignacion                                       


 [OK] Ha finalizado proceso de asignacion                                       


 [OK] Ha finalizado proceso de asignacion                                       


 [OK] Ha finalizado proceso de asignacion                                       


 [OK] Ha finalizado proceso de asignacion                                       


 [OK] Ha finalizado proceso de asignacion                                       


 [OK] Ha finalizado proceso de asignacion                                       


 [OK] Ha finalizado proceso de asignacion                                       


 [OK] Ha finalizado proceso de asignacion                                       


 [OK] Ha finalizado proceso de asignacion                                       


 [OK] Ha finalizado proceso de asignacion                                       


 [OK] Ha finalizado proceso de asignacion                                       


 [OK] Ha finalizado proceso de asignacion                                       


 [OK] Ha finalizado proceso de asignacion                                       


 ! [NOTE]  agenda: 146256                                                       

 ! [NOTE] asignados 1 configurados 1                                            

 ! [NOTE] agenda 146256 cuenta 6 agendador Laimarys Ramos                       

 ! [NOTE] asignados 1 configurados 1                                            

 ! [NOTE] agenda 146256 cuenta 6 agendador Nayade Araya                         

 ! [NOTE] asignados 1 configurados 1                                            

 ! [NOTE] agenda 146256 cuenta 6 agendador Alejandra Rodriguez                  

 ! [NOTE] Preparando para eliminar                                              

 ! [NOTE] Borrando usuariousuariocategoria 129119                               

 ! [NOTE] Borrando usuariousuariocategoria 129126                               

 ! [NOTE] Borrando usuariousuariocategoria 129127                               

 ! [NOTE] cliente : Karen Ivonne Ahern Muñoz agendador Laimarys Ramos           

 [OK] Ha finalizado proceso de asignacion                                       


 [OK] Ha finalizado proceso de asignacion                                       


 [OK] Ha finalizado proceso de asignacion                                       


 [OK] Ha finalizado proceso de asignacion                                       


 [OK] Ha finalizado proceso de asignacion                                       


 [OK] Ha finalizado proceso de asignacion                                       


 [OK] Ha finalizado proceso de asignacion                                       


 [OK] Ha finalizado proceso de asignacion                                       


 [OK] Ha finalizado proceso de asignacion                                       


 [OK] Ha finalizado proceso de asignacion                                       


 [OK] Ha finalizado proceso de asignacion                                       


 ! [NOTE]  agenda: 146257                                                       

 ! [NOTE] asignados 1 configurados 1                                            

 ! [NOTE] agenda 146257 cuenta 2 agendador Laimarys Ramos                       

 ! [NOTE] asignados 1 configurados 1                                            

 ! [NOTE] agenda 146257 cuenta 2 agendador Nayade Araya                         

 ! [NOTE] Preparando para eliminar                                              

 ! [NOTE] Borrando usuariousuariocategoria 129123                               

 ! [NOTE] Borrando usuariousuariocategoria 129125                               

 ! [NOTE] cliente : Cristian Isla agendador Laimarys Ramos                      

 [OK] Ha finalizado proceso de asignacion                                       


 [OK] Ha finalizado proceso de asignacion                                       


 [OK] Ha finalizado proceso de asignacion                                       


 [OK] Ha finalizado proceso de asignacion                                       


 [OK] Ha finalizado proceso de asignacion                                       


 [OK] Ha finalizado proceso de asignacion                                       


 [OK] Ha finalizado proceso de asignacion                                       


 [OK] Ha finalizado proceso de asignacion                                       


 [OK] Ha finalizado proceso de asignacion                                       


 [OK] Ha finalizado proceso de asignacion                                       


 [OK] Ha finalizado proceso de asignacion                                       


 [OK] Ha finalizado proceso de asignacion                                       


 ! [NOTE]  agenda: 146258                                                       

 ! [NOTE] asignados 1 configurados 1                                            

 ! [NOTE] agenda 146258 cuenta 7 agendador Laimarys Ramos                       

 ! [NOTE] asignados 0 configurados 1                                            

 ! [NOTE] agenda 146258 cuenta 7 agendador Nayade Araya                         

 ! [NOTE] cliente : Javier André Parra Rojas agendador Nayade Araya             

 ! [NOTE] leads Asignados : 0                                                   

 [OK] Ha finalizado proceso de asignacion                                       


 [OK] Ha finalizado proceso de asignacion                                       


 [OK] Ha finalizado proceso de asignacion                                       


 [OK] Ha finalizado proceso de asignacion                                       


 [OK] Ha finalizado proceso de asignacion                                       


 [OK] Ha finalizado proceso de asignacion                                       


 [OK] Ha finalizado proceso de asignacion                                       


 [OK] Ha finalizado proceso de asignacion                                       


 [OK] Ha finalizado proceso de asignacion                                       


 [OK] Ha finalizado proceso de asignacion                                       


 [OK] Ha finalizado proceso de asignacion                                       


 [OK] Ha finalizado proceso de asignacion                                       


 [OK] Ha finalizado proceso de asignacion                                       


 ! [NOTE]  agenda: 146260                                                       

 ! [NOTE] asignados 1 configurados 1                                            

 ! [NOTE] agenda 146260 cuenta 6 agendador Laimarys Ramos                       

 ! [NOTE] asignados 0 configurados 1                                            

 ! [NOTE] agenda 146260 cuenta 6 agendador Nayade Araya                         

 ! [NOTE] cliente : Macarena Seguel agendador Nayade Araya                      

 ! [NOTE] leads Asignados : 0                                                   

 [OK] Ha finalizado proceso de asignacion                                       


 [OK] Ha finalizado proceso de asignacion                                       


 ! [NOTE]  agenda: 146261                                                       

 ! [NOTE] asignados 1 configurados 1                                            

 ! [NOTE] agenda 146261 cuenta 1 agendador Laimarys Ramos                       

 ! [NOTE] asignados 0 configurados 1                                            

 ! [NOTE] agenda 146261 cuenta 1 agendador Nayade Araya                         

 ! [NOTE] cliente : Franklin Parada agendador Nayade Araya                      

 ! [NOTE] leads Asignados : 0                                                   

 [OK] Ha finalizado proceso de asignacion                                       


 ! [NOTE]  agenda: 146262                                                       

 ! [NOTE] asignados 1 configurados 1                                            

 ! [NOTE] agenda 146262 cuenta 2 agendador Laimarys Ramos                       

 ! [NOTE] asignados 0 configurados 1                                            

 ! [NOTE] agenda 146262 cuenta 2 agendador Nayade Araya                         

 ! [NOTE] cliente : Fabiola Henriquez Arriagada agendador Nayade Araya          

 ! [NOTE] leads Asignados : 0                                                   

 [OK] Ha finalizado proceso de asignacion                                       


 [OK] Ha finalizado proceso de asignacion                                       


 [OK] Ha finalizado proceso de asignacion                                       


 [OK] Ha finalizado proceso de asignacion                                       


 [OK] Ha finalizado proceso de asignacion                                       


 ! [NOTE]  agenda: 146263                                                       

 ! [NOTE] asignados 1 configurados 1                                            

 ! [NOTE] agenda 146263 cuenta 1 agendador Laimarys Ramos                       

 ! [NOTE] asignados 1 configurados 1                                            

 ! [NOTE] agenda 146263 cuenta 1 agendador Nayade Araya                         

 ! [NOTE] asignados 0 configurados 1                                            

 ! [NOTE] agenda 146263 cuenta 1 agendador Alejandra Rodriguez                  

 ! [NOTE] cliente : freddy acuña vega agendador Alejandra Rodriguez             

 ! [NOTE] leads Asignados : 0                                                   

 [OK] Ha finalizado proceso de asignacion                                       


 [OK] Ha finalizado proceso de asignacion                                       


 [OK] Ha finalizado proceso de asignacion                                       


 [OK] Ha finalizado proceso de asignacion                                       


 ! [NOTE]  agenda: 146264                                                       

 ! [NOTE] asignados 1 configurados 1                                            

 ! [NOTE] agenda 146264 cuenta 1 agendador Laimarys Ramos                       

 ! [NOTE] asignados 1 configurados 1                                            

 ! [NOTE] agenda 146264 cuenta 1 agendador Nayade Araya                         

 ! [NOTE] asignados 1 configurados 1                                            

 ! [NOTE] agenda 146264 cuenta 1 agendador Alejandra Rodriguez                  

 ! [NOTE] Preparando para eliminar                                              

 ! [NOTE] Borrando usuariousuariocategoria 129128                               

 ! [NOTE] Borrando usuariousuariocategoria 129133                               

 ! [NOTE] Borrando usuariousuariocategoria 129135                               

 ! [NOTE] cliente : Yorman  pabon  lopez  agendador Laimarys Ramos              

 ! [NOTE]  agenda: 146265                                                       

 ! [NOTE] asignados 1 configurados 1                                            

 ! [NOTE] agenda 146265 cuenta 1 agendador Laimarys Ramos                       

 ! [NOTE] asignados 0 configurados 1                                            

 ! [NOTE] agenda 146265 cuenta 1 agendador Nayade Araya                         

 ! [NOTE] cliente : Yorman  pabon  lopez  agendador Nayade Araya                

 ! [NOTE] leads Asignados : 0                                                   

 [OK] Ha finalizado proceso de asignacion                                       


 [OK] Ha finalizado proceso de asignacion                                       


 ! [NOTE]  agenda: 146266                                                       

 ! [NOTE] asignados 1 configurados 1                                            

 ! [NOTE] agenda 146266 cuenta 2 agendador Laimarys Ramos                       

 ! [NOTE] asignados 1 configurados 1                                            

 ! [NOTE] agenda 146266 cuenta 2 agendador Nayade Araya                         

 ! [NOTE] Preparando para eliminar                                              

 ! [NOTE] Borrando usuariousuariocategoria 129130                               

 ! [NOTE] Borrando usuariousuariocategoria 129134                               

 ! [NOTE] cliente : Viviana Melendez Cabrales agendador Laimarys Ramos          

 [OK] Ha finalizado proceso de asignacion                                       


 [OK] Ha finalizado proceso de asignacion                                       


 [OK] Ha finalizado proceso de asignacion                                       


 [OK] Ha finalizado proceso de asignacion                                       


 [OK] Ha finalizado proceso de asignacion                                       


 [OK] Ha finalizado proceso de asignacion                                       


 [OK] Ha finalizado proceso de asignacion                                       


 [OK] Ha finalizado proceso de asignacion                                       


 [OK] Ha finalizado proceso de asignacion                                       


 [OK] Ha finalizado proceso de asignacion                                       


 [OK] Ha finalizado proceso de asignacion                                       


 ! [NOTE]  agenda: 146267                                                       

 ! [NOTE] asignados 1 configurados 1                                            

 ! [NOTE] agenda 146267 cuenta 6 agendador Laimarys Ramos                       

 ! [NOTE] asignados 1 configurados 1                                            

 ! [NOTE] agenda 146267 cuenta 6 agendador Nayade Araya                         

 ! [NOTE] asignados 0 configurados 1                                            

 ! [NOTE] agenda 146267 cuenta 6 agendador Alejandra Rodriguez                  

 ! [NOTE] cliente : Veronica Gettar Ortega agendador Alejandra Rodriguez        

 ! [NOTE] leads Asignados : 0                                                   

 [OK] Ha finalizado proceso de asignacion                                       


 [OK] Ha finalizado proceso de asignacion                                       


 [OK] Ha finalizado proceso de asignacion                                       


 [OK] Ha finalizado proceso de asignacion                                       


 [OK] Ha finalizado proceso de asignacion                                       


 [OK] Ha finalizado proceso de asignacion                                       


 ! [NOTE]  agenda: 146268                                                       

 ! [NOTE] asignados 1 configurados 1                                            

 ! [NOTE] agenda 146268 cuenta 1 agendador Laimarys Ramos                       

 ! [NOTE] asignados 1 configurados 1                                            

 ! [NOTE] agenda 146268 cuenta 1 agendador Nayade Araya                         

 ! [NOTE] asignados 0 configurados 1                                            

 ! [NOTE] agenda 146268 cuenta 1 agendador Alejandra Rodriguez                  

 ! [NOTE] cliente : Danilo Federico Rodriguez Avila agendador Alejandra         
 !        Rodriguez                                                             

 ! [NOTE] leads Asignados : 0                                                   

 [OK] Ha finalizado proceso de asignacion                                       


 ! [NOTE]  agenda: 146269                                                       

 ! [NOTE] asignados 1 configurados 1                                            

 ! [NOTE] agenda 146269 cuenta 6 agendador Laimarys Ramos                       

 ! [NOTE] asignados 1 configurados 1                                            

 ! [NOTE] agenda 146269 cuenta 6 agendador Nayade Araya                         

 ! [NOTE] asignados 1 configurados 1                                            

 ! [NOTE] agenda 146269 cuenta 6 agendador Alejandra Rodriguez                  

 ! [NOTE] Preparando para eliminar                                              

 ! [NOTE] Borrando usuariousuariocategoria 129129                               

 ! [NOTE] Borrando usuariousuariocategoria 129132                               

 ! [NOTE] Borrando usuariousuariocategoria 129139                               

 ! [NOTE] cliente : Cristopher Alvarado Garces agendador Laimarys Ramos         

 [OK] Ha finalizado proceso de asignacion                                       


 [OK] Ha finalizado proceso de asignacion                                       


 [OK] Ha finalizado proceso de asignacion                                       


 ! [NOTE]  agenda: 146270                                                       

 ! [NOTE] asignados 1 configurados 1                                            

 ! [NOTE] agenda 146270 cuenta 7 agendador Laimarys Ramos                       

 ! [NOTE] asignados 1 configurados 1                                            

 ! [NOTE] agenda 146270 cuenta 7 agendador Nayade Araya                         

 ! [NOTE] Preparando para eliminar                                              

 ! [NOTE] Borrando usuariousuariocategoria 129122                               

 ! [NOTE] Borrando usuariousuariocategoria 129131                               

 ! [NOTE] cliente : Paty Zenteno agendador Laimarys Ramos                       

 [OK] Ha finalizado proceso de asignacion                                       


 [OK] Ha finalizado proceso de asignacion                                       


 [OK] Ha finalizado proceso de asignacion                                       


 [OK] Ha finalizado proceso de asignacion                                       


 ! [NOTE]  agenda: 146271                                                       

 ! [NOTE] asignados 1 configurados 1                                            

 ! [NOTE] agenda 146271 cuenta 1 agendador Laimarys Ramos                       

 ! [NOTE] asignados 1 configurados 1                                            

 ! [NOTE] agenda 146271 cuenta 1 agendador Nayade Araya                         

 ! [NOTE] asignados 1 configurados 1                                            

 ! [NOTE] agenda 146271 cuenta 1 agendador Alejandra Rodriguez                  

 ! [NOTE] Preparando para eliminar                                              

 ! [NOTE] Borrando usuariousuariocategoria 129136                               

 ! [NOTE] Borrando usuariousuariocategoria 129137                               

 ! [NOTE] Borrando usuariousuariocategoria 129140                               

 ! [NOTE] cliente : Mdla Orellana agendador Laimarys Ramos                      

 [OK] Ha finalizado proceso de asignacion                                       


 [OK] Ha finalizado proceso de asignacion                                       


 [OK] Ha finalizado proceso de asignacion                                       


 [OK] Ha finalizado proceso de asignacion                                       


 [OK] Ha finalizado proceso de asignacion                                       


 [OK] Ha finalizado proceso de asignacion                                       


 [OK] Ha finalizado proceso de asignacion                                       


 ! [NOTE]  agenda: 146272                                                       

 ! [NOTE] asignados 1 configurados 1                                            

 ! [NOTE] agenda 146272 cuenta 6 agendador Laimarys Ramos                       

 ! [NOTE] asignados 0 configurados 1                                            

 ! [NOTE] agenda 146272 cuenta 6 agendador Nayade Araya                         

 ! [NOTE] cliente : Gabriel Alejandro Lozano Lafquen agendador Nayade Araya     

 ! [NOTE] leads Asignados : 0                                                   

 [OK] Ha finalizado proceso de asignacion                                       


 [OK] Ha finalizado proceso de asignacion                                       


 [OK] Ha finalizado proceso de asignacion                                       


 [OK] Ha finalizado proceso de asignacion                                       


 [OK] Ha finalizado proceso de asignacion                                       


 [OK] Ha finalizado proceso de asignacion                                       


 [OK] Ha finalizado proceso de asignacion                                       


 [OK] Ha finalizado proceso de asignacion                                       


 [OK] Ha finalizado proceso de asignacion                                       


 [OK] Ha finalizado proceso de asignacion                                       


 ! [NOTE]  agenda: 146273                                                       

 ! [NOTE] asignados 1 configurados 1                                            

 ! [NOTE] agenda 146273 cuenta 1 agendador Laimarys Ramos                       

 ! [NOTE] asignados 0 configurados 1                                            

 ! [NOTE] agenda 146273 cuenta 1 agendador Nayade Araya                         

 ! [NOTE] cliente : Erik … ???? agendador Nayade Araya                          

 ! [NOTE] leads Asignados : 0                                                   

 [OK] Ha finalizado proceso de asignacion                                       


 [OK] Ha finalizado proceso de asignacion                                       


 [OK] Ha finalizado proceso de asignacion                                       


 [OK] Ha finalizado proceso de asignacion                                       


 [OK] Ha finalizado proceso de asignacion                                       


 [OK] Ha finalizado proceso de asignacion                                       


 [OK] Ha finalizado proceso de asignacion                                       


 [OK] Ha finalizado proceso de asignacion                                       


 ! [NOTE]  agenda: 146274                                                       

 ! [NOTE] asignados 1 configurados 1                                            

 ! [NOTE] agenda 146274 cuenta 6 agendador Laimarys Ramos                       

 ! [NOTE] asignados 1 configurados 1                                            

 ! [NOTE] agenda 146274 cuenta 6 agendador Nayade Araya                         

 ! [NOTE] asignados 0 configurados 1                                            

 ! [NOTE] agenda 146274 cuenta 6 agendador Alejandra Rodriguez                  

 ! [NOTE] cliente : Fernando Mena Pino agendador Alejandra Rodriguez            

 ! [NOTE] leads Asignados : 0                                                   

 [OK] Ha finalizado proceso de asignacion                                       


 [OK] Ha finalizado proceso de asignacion                                       


 [OK] Ha finalizado proceso de asignacion                                       


 [OK] Ha finalizado proceso de asignacion                                       


 [OK] Ha finalizado proceso de asignacion                                       


 [OK] Ha finalizado proceso de asignacion                                       


 [OK] Ha finalizado proceso de asignacion                                       


 [OK] Ha finalizado proceso de asignacion                                       


 [OK] Ha finalizado proceso de asignacion                                       


 [OK] Ha finalizado proceso de asignacion                                       


 [OK] Ha finalizado proceso de asignacion                                       


 [OK] Ha finalizado proceso de asignacion                                       


 [OK] Ha finalizado proceso de asignacion                                       


 [OK] Ha finalizado proceso de asignacion                                       


 [OK] Ha finalizado proceso de asignacion                                       


 [OK] Ha finalizado proceso de asignacion                                       


 [OK] Ha finalizado proceso de asignacion                                       


 [OK] Ha finalizado proceso de asignacion                                       


 [OK] Ha finalizado proceso de asignacion                                       


 [OK] Ha finalizado proceso de asignacion                                       


 ! [NOTE]  agenda: 146275                                                       

 ! [NOTE] asignados 1 configurados 1                                            

 ! [NOTE] agenda 146275 cuenta 6 agendador Laimarys Ramos                       

 ! [NOTE] asignados 1 configurados 1                                            

 ! [NOTE] agenda 146275 cuenta 6 agendador Nayade Araya                         

 ! [NOTE] asignados 1 configurados 1                                            

 ! [NOTE] agenda 146275 cuenta 6 agendador Alejandra Rodriguez                  

 ! [NOTE] Preparando para eliminar                                              

 ! [NOTE] Borrando usuariousuariocategoria 129141                               

 ! [NOTE] Borrando usuariousuariocategoria 129144                               

 ! [NOTE] Borrando usuariousuariocategoria 129146                               

 ! [NOTE] cliente : belgica quiroz agendador Laimarys Ramos                     

 [OK] Ha finalizado proceso de asignacion                                       


 [OK] Ha finalizado proceso de asignacion                                       


 [OK] Ha finalizado proceso de asignacion                                       


 [OK] Ha finalizado proceso de asignacion                                       


 [OK] Ha finalizado proceso de asignacion                                       


 [OK] Ha finalizado proceso de asignacion                                       


 [OK] Ha finalizado proceso de asignacion                                       


 [OK] Ha finalizado proceso de asignacion                                       


 [OK] Ha finalizado proceso de asignacion                                       


 [OK] Ha finalizado proceso de asignacion                                       


 [OK] Ha finalizado proceso de asignacion                                       


 [OK] Ha finalizado proceso de asignacion                                       


 ! [NOTE]  agenda: 146276                                                       

 ! [NOTE] asignados 1 configurados 1                                            

 ! [NOTE] agenda 146276 cuenta 2 agendador Laimarys Ramos                       

 ! [NOTE] asignados 0 configurados 1                                            

 ! [NOTE] agenda 146276 cuenta 2 agendador Nayade Araya                         

 ! [NOTE] cliente : Cesar Rosales agendador Nayade Araya                        

 ! [NOTE] leads Asignados : 0                                                   

 [OK] Ha finalizado proceso de asignacion                                       


 [OK] Ha finalizado proceso de asignacion                                       


 [OK] Ha finalizado proceso de asignacion                                       


 [OK] Ha finalizado proceso de asignacion                                       


 [OK] Ha finalizado proceso de asignacion                                       


 [OK] Ha finalizado proceso de asignacion                                       


 [OK] Ha finalizado proceso de asignacion                                       


 [OK] Ha finalizado proceso de asignacion                                       


 [OK] Ha finalizado proceso de asignacion                                       


 [OK] Ha finalizado proceso de asignacion                                       


 [OK] Ha finalizado proceso de asignacion                                       


 [OK] Ha finalizado proceso de asignacion                                       


 [OK] Ha finalizado proceso de asignacion                                       


 [OK] Ha finalizado proceso de asignacion                                       


 [OK] Ha finalizado proceso de asignacion                                       


 [OK] Ha finalizado proceso de asignacion                                       


 [OK] Ha finalizado proceso de asignacion                                       


 [OK] Ha finalizado proceso de asignacion                                       


 [OK] Ha finalizado proceso de asignacion                                       


 [OK] Ha finalizado proceso de asignacion                                       


 ! [NOTE]  agenda: 146277                                                       

 ! [NOTE] asignados 1 configurados 1                                            

 ! [NOTE] agenda 146277 cuenta 1 agendador Laimarys Ramos                       

 ! [NOTE] asignados 1 configurados 1                                            

 ! [NOTE] agenda 146277 cuenta 1 agendador Nayade Araya                         

 ! [NOTE] asignados 0 configurados 1                                            

 ! [NOTE] agenda 146277 cuenta 1 agendador Alejandra Rodriguez                  

 ! [NOTE] cliente : Pedro Andres Betancurt Duran agendador Alejandra Rodriguez  

 ! [NOTE] leads Asignados : 0                                                   

 ! [NOTE]  agenda: 146278                                                       

 ! [NOTE] asignados 1 configurados 1                                            

 ! [NOTE] agenda 146278 cuenta 6 agendador Laimarys Ramos                       

 ! [NOTE] asignados 0 configurados 1                                            

 ! [NOTE] agenda 146278 cuenta 6 agendador Nayade Araya                         

 ! [NOTE] cliente : Carbus Dan agendador Nayade Araya                           

 ! [NOTE] leads Asignados : 0                                                   

 [OK] Ha finalizado proceso de asignacion                                       


 [OK] Ha finalizado proceso de asignacion                                       


 [OK] Ha finalizado proceso de asignacion                                       


 [OK] Ha finalizado proceso de asignacion                                       


 ! [NOTE]  agenda: 146280                                                       

 ! [NOTE] asignados 1 configurados 1                                            

 ! [NOTE] agenda 146280 cuenta 2 agendador Laimarys Ramos                       

 ! [NOTE] asignados 1 configurados 1                                            

 ! [NOTE] agenda 146280 cuenta 2 agendador Nayade Araya                         

 ! [NOTE] Preparando para eliminar                                              

 ! [NOTE] Borrando usuariousuariocategoria 129138                               

 ! [NOTE] Borrando usuariousuariocategoria 129148                               

 ! [NOTE] cliente : Marcela Andrea Aguilar Guzman agendador Laimarys Ramos      

 ! [NOTE]  agenda: 146281                                                       

 ! [NOTE] asignados 1 configurados 1                                            

 ! [NOTE] agenda 146281 cuenta 7 agendador Laimarys Ramos                       

 ! [NOTE] asignados 0 configurados 1                                            

 ! [NOTE] agenda 146281 cuenta 7 agendador Nayade Araya                         

 ! [NOTE] cliente : +56992282885 agendador Nayade Araya                         

 ! [NOTE] leads Asignados : 0                                                   

 [OK] Ha finalizado proceso de asignacion                                       


 [OK] Ha finalizado proceso de asignacion                                       


 [OK] Ha finalizado proceso de asignacion                                       


 [OK] Ha finalizado proceso de asignacion                                       


 [OK] Ha finalizado proceso de asignacion                                       


 [OK] Ha finalizado proceso de asignacion                                       


 [OK] Ha finalizado proceso de asignacion                                       


 ! [NOTE]  agenda: 146282                                                       

 ! [NOTE] asignados 1 configurados 1                                            

 ! [NOTE] agenda 146282 cuenta 2 agendador Laimarys Ramos                       

 ! [NOTE] asignados 0 configurados 1                                            

 ! [NOTE] agenda 146282 cuenta 2 agendador Nayade Araya                         

 ! [NOTE] cliente : Edwin Hurtado agendador Nayade Araya                        

 ! [NOTE] leads Asignados : 0                                                   

 [OK] Ha finalizado proceso de asignacion                                       


 [OK] Ha finalizado proceso de asignacion                                       


 [OK] Ha finalizado proceso de asignacion                                       


 [OK] Ha finalizado proceso de asignacion                                       


 [OK] Ha finalizado proceso de asignacion                                       


 [OK] Ha finalizado proceso de asignacion                                       


 [OK] Ha finalizado proceso de asignacion                                       


 [OK] Ha finalizado proceso de asignacion                                       


 [OK] Ha finalizado proceso de asignacion                                       


 [OK] Ha finalizado proceso de asignacion                                       


 [OK] Ha finalizado proceso de asignacion                                       


 [OK] Ha finalizado proceso de asignacion                                       


 [OK] Ha finalizado proceso de asignacion                                       


 [OK] Ha finalizado proceso de asignacion                                       


 [OK] Ha finalizado proceso de asignacion                                       


 [OK] Ha finalizado proceso de asignacion                                       


 [OK] Ha finalizado proceso de asignacion                                       


 [OK] Ha finalizado proceso de asignacion                                       


 [OK] Ha finalizado proceso de asignacion                                       


 [OK] Ha finalizado proceso de asignacion                                       


 [OK] Ha finalizado proceso de asignacion                                       


 [OK] Ha finalizado proceso de asignacion                                       


 [OK] Ha finalizado proceso de asignacion                                       


 [OK] Ha finalizado proceso de asignacion                                       


 [OK] Ha finalizado proceso de asignacion                                       


 [OK] Ha finalizado proceso de asignacion                                       


 [OK] Ha finalizado proceso de asignacion                                       


 ! [NOTE]  agenda: 146286                                                       

 ! [NOTE] asignados 1 configurados 1                                            

 ! [NOTE] agenda 146286 cuenta 7 agendador Laimarys Ramos                       

 ! [NOTE] asignados 1 configurados 1                                            

 ! [NOTE] agenda 146286 cuenta 7 agendador Nayade Araya                         

 ! [NOTE] Preparando para eliminar                                              

 ! [NOTE] Borrando usuariousuariocategoria 129142                               

 ! [NOTE] Borrando usuariousuariocategoria 129152                               

 ! [NOTE] cliente : diana_ruiz agendador Laimarys Ramos                         

 [OK] Ha finalizado proceso de asignacion                                       


 [OK] Ha finalizado proceso de asignacion                                       


 [OK] Ha finalizado proceso de asignacion                                       


 ! [NOTE]  agenda: 146287                                                       

 ! [NOTE] asignados 1 configurados 1                                            

 ! [NOTE] agenda 146287 cuenta 6 agendador Laimarys Ramos                       

 ! [NOTE] asignados 1 configurados 1                                            

 ! [NOTE] agenda 146287 cuenta 6 agendador Nayade Araya                         

 ! [NOTE] asignados 0 configurados 1                                            

 ! [NOTE] agenda 146287 cuenta 6 agendador Alejandra Rodriguez                  

 ! [NOTE] cliente : Alejandra Paredes agendador Alejandra Rodriguez             

 ! [NOTE] leads Asignados : 0                                                   

 [OK] Ha finalizado proceso de asignacion                                       


 [OK] Ha finalizado proceso de asignacion                                       


 ! [NOTE]  agenda: 146289                                                       

 ! [NOTE] asignados 1 configurados 1                                            

 ! [NOTE] agenda 146289 cuenta 6 agendador Laimarys Ramos                       

 ! [NOTE] asignados 1 configurados 1                                            

 ! [NOTE] agenda 146289 cuenta 6 agendador Nayade Araya                         

 ! [NOTE] asignados 1 configurados 1                                            

 ! [NOTE] agenda 146289 cuenta 6 agendador Alejandra Rodriguez                  

 ! [NOTE] Preparando para eliminar                                              

 ! [NOTE] Borrando usuariousuariocategoria 129147                               

 ! [NOTE] Borrando usuariousuariocategoria 129150                               

 ! [NOTE] Borrando usuariousuariocategoria 129155                               

 ! [NOTE] cliente : Leo Sánchez Keller agendador Laimarys Ramos                 

 [OK] Ha finalizado proceso de asignacion                                       


 ! [NOTE]  agenda: 146290                                                       

 ! [NOTE] asignados 1 configurados 1                                            

 ! [NOTE] agenda 146290 cuenta 7 agendador Laimarys Ramos                       

 ! [NOTE] asignados 0 configurados 1                                            

 ! [NOTE] agenda 146290 cuenta 7 agendador Nayade Araya                         

 ! [NOTE] cliente : Julia agurto cruz agendador Nayade Araya                    

 ! [NOTE] leads Asignados : 0                                                   

 [OK] Ha finalizado proceso de asignacion                                       


 ! [NOTE]  agenda: 146291                                                       

 ! [NOTE] asignados 1 configurados 1                                            

 ! [NOTE] agenda 146291 cuenta 6 agendador Laimarys Ramos                       

 ! [NOTE] asignados 0 configurados 1                                            

 ! [NOTE] agenda 146291 cuenta 6 agendador Nayade Araya                         

 ! [NOTE] cliente : Mauricio Lopez Lazcano agendador Nayade Araya               

 ! [NOTE] leads Asignados : 0                                                   

 [OK] Ha finalizado proceso de asignacion                                       


 [OK] Ha finalizado proceso de asignacion                                       


 [OK] Ha finalizado proceso de asignacion                                       


 [OK] Ha finalizado proceso de asignacion                                       


 [OK] Ha finalizado proceso de asignacion                                       


 [OK] Ha finalizado proceso de asignacion                                       


 [OK] Ha finalizado proceso de asignacion                                       


 [OK] Ha finalizado proceso de asignacion                                       


 [OK] Ha finalizado proceso de asignacion                                       


 [OK] Ha finalizado proceso de asignacion                                       


 [OK] Ha finalizado proceso de asignacion                                       


 ! [NOTE]  agenda: 146292                                                       

 ! [NOTE] asignados 1 configurados 1                                            

 ! [NOTE] agenda 146292 cuenta 6 agendador Laimarys Ramos                       

 ! [NOTE] asignados 1 configurados 1                                            

 ! [NOTE] agenda 146292 cuenta 6 agendador Nayade Araya                         

 ! [NOTE] asignados 0 configurados 1                                            

 ! [NOTE] agenda 146292 cuenta 6 agendador Alejandra Rodriguez                  

 ! [NOTE] cliente : Liliana Cecilia Alfaro Guevara agendador Alejandra Rodriguez

 ! [NOTE] leads Asignados : 0                                                   

 [OK] Ha finalizado proceso de asignacion                                       


 [OK] Ha finalizado proceso de asignacion                                       


 ! [NOTE]  agenda: 146293                                                       

 ! [NOTE] asignados 1 configurados 1                                            

 ! [NOTE] agenda 146293 cuenta 7 agendador Laimarys Ramos                       

 ! [NOTE] asignados 1 configurados 1                                            

 ! [NOTE] agenda 146293 cuenta 7 agendador Nayade Araya                         

 ! [NOTE] Preparando para eliminar                                              

 ! [NOTE] Borrando usuariousuariocategoria 129154                               

 ! [NOTE] Borrando usuariousuariocategoria 129157                               

 ! [NOTE] cliente : Paola menares agendador Laimarys Ramos                      

 [OK] Ha finalizado proceso de asignacion                                       


 [OK] Ha finalizado proceso de asignacion                                       


 [OK] Ha finalizado proceso de asignacion                                       


 [OK] Ha finalizado proceso de asignacion                                       


 [OK] Ha finalizado proceso de asignacion                                       


 [OK] Ha finalizado proceso de asignacion                                       


 [OK] Ha finalizado proceso de asignacion                                       


 [OK] Ha finalizado proceso de asignacion                                       


 ! [NOTE]  agenda: 146294                                                       

 ! [NOTE] asignados 1 configurados 1                                            

 ! [NOTE] agenda 146294 cuenta 2 agendador Laimarys Ramos                       

 ! [NOTE] asignados 1 configurados 1                                            

 ! [NOTE] agenda 146294 cuenta 2 agendador Nayade Araya                         

 ! [NOTE] Preparando para eliminar                                              

 ! [NOTE] Borrando usuariousuariocategoria 129151                               

 ! [NOTE] Borrando usuariousuariocategoria 129153                               

 ! [NOTE] cliente : Paola Gonzalez agendador Laimarys Ramos                     

 [OK] Ha finalizado proceso de asignacion                                       


 [OK] Ha finalizado proceso de asignacion                                       


 [OK] Ha finalizado proceso de asignacion                                       


 [OK] Ha finalizado proceso de asignacion                                       


 [OK] Ha finalizado proceso de asignacion                                       


 [OK] Ha finalizado proceso de asignacion                                       


 [OK] Ha finalizado proceso de asignacion                                       


 [OK] Ha finalizado proceso de asignacion                                       


 [OK] Ha finalizado proceso de asignacion                                       


 [OK] Ha finalizado proceso de asignacion                                       


 [OK] Ha finalizado proceso de asignacion                                       


 [OK] Ha finalizado proceso de asignacion                                       


 [OK] Ha finalizado proceso de asignacion                                       


 [OK] Ha finalizado proceso de asignacion                                       


 [OK] Ha finalizado proceso de asignacion                                       


 [OK] Ha finalizado proceso de asignacion                                       


 [OK] Ha finalizado proceso de asignacion                                       


 [OK] Ha finalizado proceso de asignacion                                       


 [OK] Ha finalizado proceso de asignacion                                       


 ! [NOTE]  agenda: 146295                                                       

 ! [NOTE] asignados 1 configurados 1                                            

 ! [NOTE] agenda 146295 cuenta 7 agendador Laimarys Ramos                       

 ! [NOTE] asignados 0 configurados 1                                            

 ! [NOTE] agenda 146295 cuenta 7 agendador Nayade Araya                         

 ! [NOTE] cliente : Juan Contreras agendador Nayade Araya                       

 ! [NOTE] leads Asignados : 0                                                   

 [OK] Ha finalizado proceso de asignacion                                       


 [OK] Ha finalizado proceso de asignacion                                       


 [OK] Ha finalizado proceso de asignacion                                       


 [OK] Ha finalizado proceso de asignacion                                       


 [OK] Ha finalizado proceso de asignacion                                       


 [OK] Ha finalizado proceso de asignacion                                       


 [OK] Ha finalizado proceso de asignacion                                       


 [OK] Ha finalizado proceso de asignacion                                       


 [OK] Ha finalizado proceso de asignacion                                       


 [OK] Ha finalizado proceso de asignacion                                       


 [OK] Ha finalizado proceso de asignacion                                       


 [OK] Ha finalizado proceso de asignacion                                       


 [OK] Ha finalizado proceso de asignacion                                       


 [OK] Ha finalizado proceso de asignacion                                       


 [OK] Ha finalizado proceso de asignacion                                       


 [OK] Ha finalizado proceso de asignacion                                       


 [OK] Ha finalizado proceso de asignacion                                       


 [OK] Ha finalizado proceso de asignacion                                       


 [OK] Ha finalizado proceso de asignacion                                       


 ! [NOTE]  agenda: 146296                                                       

 ! [NOTE] asignados 1 configurados 1                                            

 ! [NOTE] agenda 146296 cuenta 2 agendador Laimarys Ramos                       

 ! [NOTE] asignados 0 configurados 1                                            

 ! [NOTE] agenda 146296 cuenta 2 agendador Nayade Araya                         

 ! [NOTE] cliente : Loreto Herrera agendador Nayade Araya                       

 ! [NOTE] leads Asignados : 0                                                   

 [OK] Ha finalizado proceso de asignacion                                       


 [OK] Ha finalizado proceso de asignacion                                       


 [OK] Ha finalizado proceso de asignacion                                       


 ! [NOTE]  agenda: 146297                                                       

 ! [NOTE] asignados 1 configurados 1                                            

 ! [NOTE] agenda 146297 cuenta 7 agendador Laimarys Ramos                       

 ! [NOTE] asignados 1 configurados 1                                            

 ! [NOTE] agenda 146297 cuenta 7 agendador Nayade Araya                         

 ! [NOTE] Preparando para eliminar                                              

 ! [NOTE] Borrando usuariousuariocategoria 129160                               

 ! [NOTE] Borrando usuariousuariocategoria 129162                               

 ! [NOTE] cliente : Cecilia Tabita Cabezas Espinoza agendador Laimarys Ramos    

 [OK] Ha finalizado proceso de asignacion                                       


 [OK] Ha finalizado proceso de asignacion                                       


 [OK] Ha finalizado proceso de asignacion                                       


 [OK] Ha finalizado proceso de asignacion                                       


 [OK] Ha finalizado proceso de asignacion                                       


 [OK] Ha finalizado proceso de asignacion                                       


 [OK] Ha finalizado proceso de asignacion                                       


 [OK] Ha finalizado proceso de asignacion                                       


 [OK] Ha finalizado proceso de asignacion                                       


 [OK] Ha finalizado proceso de asignacion                                       


 [OK] Ha finalizado proceso de asignacion                                       


 [OK] Ha finalizado proceso de asignacion                                       


 [OK] Ha finalizado proceso de asignacion                                       


 [OK] Ha finalizado proceso de asignacion                                       


 [OK] Ha finalizado proceso de asignacion                                       


 [OK] Ha finalizado proceso de asignacion                                       


 [OK] Ha finalizado proceso de asignacion                                       


 ! [NOTE]  agenda: 146298                                                       

 ! [NOTE] asignados 1 configurados 1                                            

 ! [NOTE] agenda 146298 cuenta 6 agendador Laimarys Ramos                       

 ! [NOTE] asignados 1 configurados 1                                            

 ! [NOTE] agenda 146298 cuenta 6 agendador Nayade Araya                         

 ! [NOTE] asignados 1 configurados 1                                            

 ! [NOTE] agenda 146298 cuenta 6 agendador Alejandra Rodriguez                  

 ! [NOTE] Preparando para eliminar                                              

 ! [NOTE] Borrando usuariousuariocategoria 129156                               

 ! [NOTE] Borrando usuariousuariocategoria 129158                               

 ! [NOTE] Borrando usuariousuariocategoria 129159                               

 ! [NOTE] cliente : Cristian Cabello agendador Laimarys Ramos                   

 [OK] Ha finalizado proceso de asignacion                                       


 [OK] Ha finalizado proceso de asignacion                                       


 [OK] Ha finalizado proceso de asignacion                                       


 ! [NOTE]  agenda: 146299                                                       

 ! [NOTE] asignados 1 configurados 1                                            

 ! [NOTE] agenda 146299 cuenta 1 agendador Laimarys Ramos                       

 ! [NOTE] asignados 1 configurados 1                                            

 ! [NOTE] agenda 146299 cuenta 1 agendador Nayade Araya                         

 ! [NOTE] asignados 1 configurados 1                                            

 ! [NOTE] agenda 146299 cuenta 1 agendador Alejandra Rodriguez                  

 ! [NOTE] Preparando para eliminar                                              

 ! [NOTE] Borrando usuariousuariocategoria 129143                               

 ! [NOTE] Borrando usuariousuariocategoria 129145                               

 ! [NOTE] Borrando usuariousuariocategoria 129149                               

 ! [NOTE] cliente : Elizabeth Valeria agendador Laimarys Ramos                  

 [OK] Ha finalizado proceso de asignacion                                       


 [OK] Ha finalizado proceso de asignacion                                       


 [OK] Ha finalizado proceso de asignacion                                       


 [OK] Ha finalizado proceso de asignacion                                       


 [OK] Ha finalizado proceso de asignacion                                       


 [OK] Ha finalizado proceso de asignacion                                       


 [OK] Ha finalizado proceso de asignacion                                       


 [OK] Ha finalizado proceso de asignacion                                       


 [OK] Ha finalizado proceso de asignacion                                       


 ! [NOTE]  agenda: 146300                                                       

 ! [NOTE] asignados 1 configurados 1                                            

 ! [NOTE] agenda 146300 cuenta 1 agendador Laimarys Ramos                       

 ! [NOTE] asignados 0 configurados 1                                            

 ! [NOTE] agenda 146300 cuenta 1 agendador Nayade Araya                         

 ! [NOTE] cliente : +560961823810 agendador Nayade Araya                        

 ! [NOTE] leads Asignados : 0                                                   

 [OK] Ha finalizado proceso de asignacion                                       


 [OK] Ha finalizado proceso de asignacion                                       


 ! [NOTE]  agenda: 146301                                                       

 ! [NOTE] asignados 1 configurados 1                                            

 ! [NOTE] agenda 146301 cuenta 1 agendador Laimarys Ramos                       

 ! [NOTE] asignados 1 configurados 1                                            

 ! [NOTE] agenda 146301 cuenta 1 agendador Nayade Araya                         

 ! [NOTE] asignados 0 configurados 1                                            

 ! [NOTE] agenda 146301 cuenta 1 agendador Alejandra Rodriguez                  

 ! [NOTE] cliente : +56997540286 agendador Alejandra Rodriguez                  

 ! [NOTE] leads Asignados : 0                                                   

 [OK] Ha finalizado proceso de asignacion                                       


 ! [NOTE]  agenda: 146302                                                       

 ! [NOTE] asignados 1 configurados 1                                            

 ! [NOTE] agenda 146302 cuenta 1 agendador Laimarys Ramos                       

 ! [NOTE] asignados 1 configurados 1                                            

 ! [NOTE] agenda 146302 cuenta 1 agendador Nayade Araya                         

 ! [NOTE] asignados 1 configurados 1                                            

 ! [NOTE] agenda 146302 cuenta 1 agendador Alejandra Rodriguez                  

 ! [NOTE] Preparando para eliminar                                              

 ! [NOTE] Borrando usuariousuariocategoria 129166                               

 ! [NOTE] Borrando usuariousuariocategoria 129167                               

 ! [NOTE] Borrando usuariousuariocategoria 129168                               

 ! [NOTE] cliente : Tony agendador Laimarys Ramos                               

 [OK] Ha finalizado proceso de asignacion                                       


 ! [NOTE]  agenda: 146303                                                       

 ! [NOTE] asignados 1 configurados 1                                            

 ! [NOTE] agenda 146303 cuenta 6 agendador Laimarys Ramos                       

 ! [NOTE] asignados 0 configurados 1                                            

 ! [NOTE] agenda 146303 cuenta 6 agendador Nayade Araya                         

 ! [NOTE] cliente : Margarita Cecilia Mella Escobar agendador Nayade Araya      

 ! [NOTE] leads Asignados : 0                                                   

 [OK] Ha finalizado proceso de asignacion                                       


 [OK] Ha finalizado proceso de asignacion                                       


 [OK] Ha finalizado proceso de asignacion                                       


 [OK] Ha finalizado proceso de asignacion                                       


 [OK] Ha finalizado proceso de asignacion                                       


 [OK] Ha finalizado proceso de asignacion                                       


 [OK] Ha finalizado proceso de asignacion                                       


 [OK] Ha finalizado proceso de asignacion                                       


 [OK] Ha finalizado proceso de asignacion                                       


 [OK] Ha finalizado proceso de asignacion                                       


 [OK] Ha finalizado proceso de asignacion                                       


 [OK] Ha finalizado proceso de asignacion                                       


 [OK] Ha finalizado proceso de asignacion                                       


 [OK] Ha finalizado proceso de asignacion                                       


 [OK] Ha finalizado proceso de asignacion                                       


 [OK] Ha finalizado proceso de asignacion                                       


 [OK] Ha finalizado proceso de asignacion                                       


 [OK] Ha finalizado proceso de asignacion                                       


 [OK] Ha finalizado proceso de asignacion                                       


 [OK] Ha finalizado proceso de asignacion                                       


 [OK] Ha finalizado proceso de asignacion                                       


 [OK] Ha finalizado proceso de asignacion                                       


 [OK] Ha finalizado proceso de asignacion                                       


 [OK] Ha finalizado proceso de asignacion                                       


 [OK] Ha finalizado proceso de asignacion                                       


 [OK] Ha finalizado proceso de asignacion                                       


 [OK] Ha finalizado proceso de asignacion                                       


 [OK] Ha finalizado proceso de asignacion                                       


 [OK] Ha finalizado proceso de asignacion                                       


 [OK] Ha finalizado proceso de asignacion                                       


 [OK] Ha finalizado proceso de asignacion                                       


 [OK] Ha finalizado proceso de asignacion                                       


 [OK] Ha finalizado proceso de asignacion                                       


 [OK] Ha finalizado proceso de asignacion                                       


 [OK] Ha finalizado proceso de asignacion                                       


 [OK] Ha finalizado proceso de asignacion                                       

